<?xml version="1.0" encoding="UTF-8"?>
<!-- Generated by org.testng.reporters.JUnitReportReporter -->
<testsuite hostname="Krishnadeyam1" failures="0" tests="2" name="com.test.actions.testSample" time="9.223" errors="0" timestamp="2022-01-23T23:47:23 IST" skipped="0">
  <testcase classname="com.test.actions.testSample" name="testLoginEdge" time="5.152"/>
  <system-out/>
  <testcase classname="com.test.actions.testSample" name="testLoginChrome" time="4.071"/>
  <system-out/>
</testsuite> <!-- com.test.actions.testSample -->
